Build started 12/21/2016 5:20:46 AM.
     1>Project "C:\Users\Peter\Desktop\NYUCodebase\NYUCodebase\NYUCodebase.vcxproj" on node 2 (Build target(s)).
     1>ClCompile:
         C:\Program Files (x86)\Microsoft Visual Studio 12.0\VC\bin\CL.exe /c /IC:\SDL2\include /IC:\SDL2_image\include /IC:\glew\include /IC:\SDL2_mixer\include /ZI /nologo /W3 /WX- /sdl /Od /Oy- /D _WINDOWS /D _MBCS /D _MBCS /Gm /EHsc /RTC1 /MDd /GS /fp:precise /Zc:wchar_t /Zc:forScope /Fo"Debug\\" /Fd"Debug\vc120.pdb" /Gd /TP /analyze- /errorReport:prompt main.cpp
         main.cpp
     1>c:\users\peter\desktop\nyucodebase\nyucodebase\main.cpp(315): warning C4244: '-=' : conversion from 'double' to 'float', possible loss of data
     1>c:\users\peter\desktop\nyucodebase\nyucodebase\main.cpp(324): warning C4244: '+=' : conversion from 'double' to 'float', possible loss of data
     1>c:\users\peter\desktop\nyucodebase\nyucodebase\main.cpp(339): warning C4244: '+=' : conversion from 'double' to 'float', possible loss of data
     1>c:\users\peter\desktop\nyucodebase\nyucodebase\main.cpp(349): warning C4244: '-=' : conversion from 'double' to 'float', possible loss of data
     1>c:\users\peter\desktop\nyucodebase\nyucodebase\main.cpp(355): warning C4244: 'initializing' : conversion from 'double' to 'float', possible loss of data
     1>c:\users\peter\desktop\nyucodebase\nyucodebase\main.cpp(356): warning C4244: 'initializing' : conversion from 'double' to 'float', possible loss of data
     1>c:\users\peter\desktop\nyucodebase\nyucodebase\main.cpp(357): warning C4244: 'initializing' : conversion from 'double' to 'float', possible loss of data
     1>c:\users\peter\desktop\nyucodebase\nyucodebase\main.cpp(358): warning C4244: 'initializing' : conversion from 'double' to 'float', possible loss of data
     1>c:\users\peter\desktop\nyucodebase\nyucodebase\main.cpp(396): warning C4305: '=' : truncation from 'double' to 'float'
     1>c:\users\peter\desktop\nyucodebase\nyucodebase\main.cpp(581): warning C4244: 'initializing' : conversion from 'double' to 'float', possible loss of data
     1>c:\users\peter\desktop\nyucodebase\nyucodebase\main.cpp(593): warning C4018: '<' : signed/unsigned mismatch
     1>c:\users\peter\desktop\nyucodebase\nyucodebase\main.cpp(678): warning C4018: '<' : signed/unsigned mismatch
     1>c:\users\peter\desktop\nyucodebase\nyucodebase\main.cpp(684): warning C4018: '<' : signed/unsigned mismatch
     1>c:\users\peter\desktop\nyucodebase\nyucodebase\main.cpp(175): warning C4715: 'GameObject::isSolid' : not all control paths return a value
       Link:
         C:\Program Files (x86)\Microsoft Visual Studio 12.0\VC\bin\link.exe /ERRORREPORT:PROMPT /OUT:"C:\Users\Peter\Desktop\NYUCodebase\Debug\NYUCodebase.exe" /INCREMENTAL /NOLOGO /LIBPATH:C:\SDL2_mixer\lib\x86 /LIBPATH:C:\SDL2\lib\x86 /LIBPATH:C:\SDL2_image\lib\x86 /LIBPATH:C:\glew\lib\Release\Win32 SDL2.lib SDL2_mixer.lib glew32.lib SDL2main.lib SDL2_image.lib OpenGL32.lib /MANIFEST /MANIFESTUAC:"level='asInvoker' uiAccess='false'" /manifest:embed /DEBUG /PDB:"C:\Users\Peter\Desktop\NYUCodebase\Debug\NYUCodebase.pdb" /SUBSYSTEM:WINDOWS /TLBID:1 /DYNAMICBASE /NXCOMPAT /IMPLIB:"C:\Users\Peter\Desktop\NYUCodebase\Debug\NYUCodebase.lib" /MACHINE:X86 Debug\main.obj
         Debug\Matrix.obj
         Debug\ShaderProgram.obj
         NYUCodebase.vcxproj -> C:\Users\Peter\Desktop\NYUCodebase\Debug\NYUCodebase.exe
     1>Done Building Project "C:\Users\Peter\Desktop\NYUCodebase\NYUCodebase\NYUCodebase.vcxproj" (Build target(s)).

Build succeeded.

Time Elapsed 00:00:01.45
